<?xml version="1.0" encoding="UTF-8"?>
<!-- Generated by org.testng.reporters.JUnitReportReporter -->
<testsuite hostname="SaratProBook" failures="0" tests="3" name="TestCases.CarLoan" time="0.032" errors="0" timestamp="21 Apr 2023 09:30:10 GMT" skipped="0">
  <testcase classname="TestCases.CarLoan" name="test1" time="0.018"/>
  <testcase classname="TestCases.CarLoan" name="test3" time="0.007"/>
  <testcase classname="TestCases.CarLoan" name="test2" time="0.007"/>
</testsuite> <!-- TestCases.CarLoan -->
