<?xml version="1.0" encoding="UTF-8"?>
<!-- Generated by org.testng.reporters.JUnitReportReporter -->
<testsuite hostname="SaratProBook" failures="0" tests="2" name="TestCases.BaseClass" time="0.011" errors="0" timestamp="21 Apr 2023 09:30:10 GMT" skipped="0">
  <testcase classname="TestCases.BaseClass" name="test1" time="0.006"/>
  <testcase classname="TestCases.BaseClass" name="test2" time="0.005"/>
</testsuite> <!-- TestCases.BaseClass -->
