<?xml version="1.0" encoding="UTF-8"?>
<!-- Generated by org.testng.reporters.JUnitReportReporter -->
<testsuite hostname="SaratProBook" failures="0" tests="2" name="TestCases.HomeLoanTest" time="0.054" errors="0" timestamp="2023-04-23T21:45:52 NZST" skipped="0">
  <testcase classname="TestCases.HomeLoanTest" name="test2" time="0.030"/>
  <system-out/>
  <testcase classname="TestCases.HomeLoanTest" name="test1" time="0.024"/>
  <system-out/>
</testsuite> <!-- TestCases.HomeLoanTest -->
