<?xml version="1.0" encoding="UTF-8"?>
<!-- Generated by org.testng.reporters.JUnitReportReporter -->
<testsuite skipped="0" hostname="SaratProBook" name="TestCases.HomeLoanTest" tests="2" failures="0" timestamp="23 Apr 2023 10:00:00 GMT" time="0.005" errors="0">
  <testcase name="test1" time="0.005" classname="TestCases.HomeLoanTest"/>
  <testcase name="test2" time="0.000" classname="TestCases.HomeLoanTest"/>
</testsuite> <!-- TestCases.HomeLoanTest -->
