<?xml version="1.0" encoding="UTF-8"?>
<!-- Generated by org.testng.reporters.JUnitReportReporter -->
<testsuite hostname="SaratProBook" failures="0" tests="2" name="TestCases.HomeLoanTest" time="0.006" errors="0" timestamp="23 Apr 2023 10:20:08 GMT" skipped="0">
  <testcase classname="TestCases.HomeLoanTest" name="test2" time="0.003"/>
  <testcase classname="TestCases.HomeLoanTest" name="test1" time="0.003"/>
</testsuite> <!-- TestCases.HomeLoanTest -->
